Arguments: 
  C:\Program Files\nodejs\node.exe C:\Program Files (x86)\Yarn\bin\yarn.js install

PATH: 
  C:\Program Files\Git\mingw64\bin;C:\Program Files\Git\usr\bin;C:\Users\T-Gamer\bin;C:\Python38\Scripts;C:\Python38;C:\ProgramData\Oracle\Java\javapath;C:\Program Files (x86)\Intel\iCLS Client;C:\Program Files\Intel\iCLS Client;C:\Windows\system32;C:\Windows;C:\Windows\System32\Wbem;C:\Windows\System32\WindowsPowerShell\v1.0;C:\Program Files (x86)\Intel\Intel(R) Management Engine Components\DAL;C:\Program Files\Intel\Intel(R) Management Engine Components\DAL;C:\Program Files (x86)\Intel\Intel(R) Management Engine Components\IPT;C:\Program Files\Intel\Intel(R) Management Engine Components\IPT;C:\Program Files (x86)\PuTTY;C:\Program Files (x86)\Skype\Phone;C:\Program Files (x86)\NVIDIA Corporation\PhysX\Common;C:\WINDOWS\system32;C:\WINDOWS;C:\WINDOWS\System32\Wbem;C:\WINDOWS\System32\WindowsPowerShell\v1.0;C:\WINDOWS\System32\OpenSSH;C:\Program Files\MiKTeX 2.9\miktex\bin\x64;C:\Program Files\NVIDIA Corporation\NVIDIA NvDLISR;C:\WINDOWS\system32;C:\WINDOWS;C:\WINDOWS\System32\Wbem;C:\WINDOWS\System32\WindowsPowerShell\v1.0;C:\WINDOWS\System32\OpenSSH;C:\Program Files\Git\cmd;C:\ProgramData\chocolatey\bin;C:\Program Files (x86)\Yarn\bin;C:\Program Files (x86)\WiX Toolset v3.11\bin;C:\Program Files\nodejs;C:\Users\T-Gamer\AppData\Local\Programs\Python\Python37\Scripts;C:\Users\T-Gamer\AppData\Local\Programs\Python\Python37;C:\Users\T-Gamer\AppData\Local\Microsoft\WindowsApps;C:\Program Files\JetBrains\PyCharm 2019.1.2\bin;C:\Users\T-Gamer\AppData\Local\Programs\Microsoft VS Code\bin;C:\Users\T-Gamer\AppData\Local\Yarn\bin;C:\Users\T-Gamer\AppData\Roaming\npm

Yarn version: 
  1.22.4

Node version: 
  14.15.1

Platform: 
  win32 x64

Trace: 
  Error: https://registry.yarnpkg.com/@material-ui/core/-/core-4.11.2.tgz: ESOCKETTIMEDOUT
      at ClientRequest.<anonymous> (C:\Program Files (x86)\Yarn\lib\cli.js:141375:19)
      at Object.onceWrapper (events.js:421:28)
      at ClientRequest.emit (events.js:315:20)
      at TLSSocket.emitRequestTimeout (_http_client.js:784:9)
      at Object.onceWrapper (events.js:421:28)
      at TLSSocket.emit (events.js:327:22)
      at TLSSocket.Socket._onTimeout (net.js:483:8)
      at listOnTimeout (internal/timers.js:554:17)
      at processTimers (internal/timers.js:497:7)

npm manifest: 
  {
    "name": "ScheduledCommandsSQL",
    "version": "1.0.0",
    "repository": "https://github.com/MarquesSouza/ScheduledCommandsSQL.git",
    "author": {
      "name": "Marques",
      "email": "<marquesde2013@gmail.com>"
    },
    "publisher": "Marques",
    "license": "MIT",
    "description": "Scheduled commands SQL for desktop",
    "main": "app/main.js",
    "licenses": "MIT",
    "scripts": {
      "postinstall": "install-app-deps",
      "build": "gulp build",
      "start": "gulp",
      "clear": "rm -R app",
      "dist": "gulp dist"
    },
    "dependencies": {
      "@material-ui/core": "^4.4.0",
      "@material-ui/icons": "^4.2.1",
      "@material-ui/styles": "^4.3.3",
      "@types/material-ui": "^0.21.7",
      "electron-is-dev": "^1.2.0",
      "ini": "^1.3.5",
      "material-ui": "^0.20.2",
      "react": "^17.0.1",
      "react-dom": "^17.0.1",
      "react-router-dom": "^5.0.1",
      "react-scripts": "4.0.0"
    },
    "build": {
      "appId": "com.marquessouza.shedule",
      "linux": {
        "target": [
          "dir"
        ]
      },
      "win": {
        "target": "nsis",
        "icon": "assets/icon.png"
      },
      "mac": {
        "category": "your.app.category.type"
      }
    },
    "devDependencies": {
      "@babel/core": "^7.6.0",
      "@babel/plugin-proposal-class-properties": "^7.5.5",
      "@babel/preset-env": "^7.6.0",
      "@babel/preset-react": "^7.0.0",
      "babel-jest": "^25.3.0",
      "electron": "7.2.4",
      "electron-builder": "^20.39.0",
      "electron-react-devtools": "^0.5.3",
      "gulp": "^4.0.2",
      "gulp-babel": "^8.0.0",
      "gulp-clean-css": "^4.2.0",
      "gulp-concat": "^2.6.1",
      "gulp-livereload": "^4.0.1",
      "jest": "^25.3.0",
      "react-test-renderer": "^16.8.6"
    }
  }

yarn manifest: 
  No manifest

Lockfile: 
  No lockfile
